TN:
SF:app.js
FN:12,(anonymous_0)
FNF:1
FNH:1
FNDA:1,(anonymous_0)
DA:1,1
DA:2,1
DA:4,1
DA:5,1
DA:6,1
DA:7,1
DA:8,1
DA:9,1
DA:10,1
DA:11,1
DA:12,1
DA:13,1
DA:16,1
LF:13
LH:13
BRDA:11,0,0,1
BRDA:11,0,1,0
BRF:2
BRH:1
end_of_record
TN:
SF:controllers\task.js
FN:6,(anonymous_0)
FN:20,(anonymous_1)
FN:29,(anonymous_2)
FN:57,(anonymous_3)
FNF:4
FNH:4
FNDA:3,(anonymous_0)
FNDA:1,(anonymous_1)
FNDA:1,(anonymous_2)
FNDA:1,(anonymous_3)
DA:1,1
DA:2,1
DA:3,1
DA:6,1
DA:7,3
DA:8,3
DA:9,3
DA:10,2
DA:12,3
DA:14,3
DA:15,1
DA:17,2
DA:20,1
DA:22,1
DA:23,1
DA:24,0
DA:26,1
DA:27,1
DA:29,1
DA:30,1
DA:31,1
DA:32,1
DA:33,1
DA:34,1
DA:35,1
DA:37,0
DA:39,1
DA:40,0
DA:42,1
DA:43,1
DA:45,1
DA:46,0
DA:48,1
DA:52,1
DA:53,0
DA:55,1
DA:57,1
DA:58,1
DA:59,1
DA:60,1
DA:61,1
DA:63,0
DA:65,1
DA:66,0
DA:70,1
LF:45
LH:38
BRDA:9,0,0,2
BRDA:9,0,1,1
BRDA:14,1,0,1
BRDA:14,1,1,2
BRDA:23,2,0,0
BRDA:23,2,1,1
BRDA:34,3,0,1
BRDA:34,3,1,0
BRDA:39,4,0,0
BRDA:39,4,1,1
BRDA:42,5,0,1
BRDA:42,5,1,0
BRDA:45,6,0,0
BRDA:45,6,1,1
BRDA:52,7,0,0
BRDA:52,7,1,1
BRDA:60,8,0,1
BRDA:60,8,1,0
BRF:18
BRH:11
end_of_record
TN:
SF:error\custom-error.js
FN:2,(anonymous_0)
FNF:1
FNH:1
FNDA:1,(anonymous_0)
DA:3,1
DA:4,1
DA:7,1
LF:3
LH:3
BRF:0
BRH:0
end_of_record
TN:
SF:middleware\error-handler.js
FN:3,(anonymous_0)
FNF:1
FNH:1
FNDA:2,(anonymous_0)
DA:1,1
DA:3,1
DA:4,2
DA:5,1
DA:7,1
DA:8,1
DA:10,1
LF:7
LH:7
BRDA:4,0,0,1
BRDA:4,0,1,1
BRF:2
BRH:2
end_of_record
TN:
SF:routes\index.js
FNF:0
FNH:0
DA:1,1
DA:2,1
DA:3,1
DA:5,1
DA:7,1
LF:5
LH:5
BRF:0
BRH:0
end_of_record
TN:
SF:routes\task.js
FNF:0
FNH:0
DA:1,1
DA:2,1
DA:3,1
DA:5,1
DA:12,1
LF:5
LH:5
BRF:0
BRH:0
end_of_record
